<?xml version="1.0" encoding="UTF-8"?>
<!-- Generated by org.testng.reporters.JUnitReportReporter -->
<testsuite hostname="ATPOHC3111" name="at.porscheinformatik.cucumber.mongodb.rest.controller.CollectionControllerTest" tests="8" failures="0" timestamp="24 Jul 2019 14:11:41 GMT" time="0.167" errors="0">
  <testcase name="getProducts" time="0.002" classname="at.porscheinformatik.cucumber.mongodb.rest.controller.CollectionControllerTest"/>
  <testcase name="getCollections_returns_products_and_versions" time="0.000" classname="at.porscheinformatik.cucumber.mongodb.rest.controller.CollectionControllerTest"/>
  <testcase name="getCollections_returns_products_and_versions" time="0.134" classname="at.porscheinformatik.cucumber.mongodb.rest.controller.CollectionControllerTest"/>
  <testcase name="getProducts" time="0.000" classname="at.porscheinformatik.cucumber.mongodb.rest.controller.CollectionControllerTest"/>
  <testcase name="getCollections_returns_products_and_versions" time="0.000" classname="at.porscheinformatik.cucumber.mongodb.rest.controller.CollectionControllerTest"/>
  <testcase name="getCollections_returns_products_and_versions" time="0.000" classname="at.porscheinformatik.cucumber.mongodb.rest.controller.CollectionControllerTest"/>
  <testcase name="getProducts" time="0.006" classname="at.porscheinformatik.cucumber.mongodb.rest.controller.CollectionControllerTest"/>
  <testcase name="getCollections_returns_products_and_versions" time="0.025" classname="at.porscheinformatik.cucumber.mongodb.rest.controller.CollectionControllerTest"/>
</testsuite> <!-- at.porscheinformatik.cucumber.mongodb.rest.controller.CollectionControllerTest -->
