<?xml version="1.0" encoding="UTF-8"?>
<!-- Generated by org.testng.reporters.JUnitReportReporter -->
<testsuite hostname="ATPOHC3111" name="at.porscheinformatik.cucumber.mongodb.rest.controller.QueryControllerTest" tests="3" failures="0" timestamp="22 Jul 2019 08:49:34 GMT" time="0.003" errors="0">
  <testcase name="last_ten_with_list_nine" time="0.000" classname="at.porscheinformatik.cucumber.mongodb.rest.controller.QueryControllerTest"/>
  <testcase name="last_ten_with_list_nine" time="0.003" classname="at.porscheinformatik.cucumber.mongodb.rest.controller.QueryControllerTest"/>
  <testcase name="last_ten_with_list_nine" time="0.000" classname="at.porscheinformatik.cucumber.mongodb.rest.controller.QueryControllerTest"/>
</testsuite> <!-- at.porscheinformatik.cucumber.mongodb.rest.controller.QueryControllerTest -->
